{"name": "Увеличение счетчика \"Выполнено за сегодня\" при создании заказа", "status": "broken", "statusDetails": {"message": "selenium.common.exceptions.TimeoutException: Message: \nStacktrace:\nWebDriverError@chrome://remote/content/shared/webdriver/Errors.jsm:183:5\nNoSuchElementError@chrome://remote/content/shared/webdriver/Errors.jsm:395:5\nelement.find/</<@chrome://remote/content/marionette/element.js:300:16", "trace": "tests/test_order_feed.py:28: in test_today_counter_increases\n    order_feed_page.open()\npages/order_feed_page.py:14: in open\n    self.wait_for_page_load()\npages/order_feed_page.py:36: in wait_for_page_load\n    self.wait_for_element(OrderFeedLocators.PAGE_TITLE, timeout=LONG_TIMEOUT)\npages/base_page.py:14: in wait_for_element\n    return WebDriverWait(self.driver, timeout).until(\n.venv/lib/python3.13/site-packages/selenium/webdriver/support/wait.py:138: in until\n    raise TimeoutException(message, screen, stacktrace)\nE   selenium.common.exceptions.TimeoutException: Message: \nE   Stacktrace:\nE   WebDriverError@chrome://remote/content/shared/webdriver/Errors.jsm:183:5\nE   NoSuchElementError@chrome://remote/content/shared/webdriver/Errors.jsm:395:5\nE   element.find/</<@chrome://remote/content/marionette/element.js:300:16"}, "steps": [{"name": "Открыть ленту заказов", "status": "broken", "statusDetails": {"message": "selenium.common.exceptions.TimeoutException: Message: \nStacktrace:\nWebDriverError@chrome://remote/content/shared/webdriver/Errors.jsm:183:5\nNoSuchElementError@chrome://remote/content/shared/webdriver/Errors.jsm:395:5\nelement.find/</<@chrome://remote/content/marionette/element.js:300:16\n\n", "trace": "  File \"/Users/medea/Documents/DIPLOM/Diplom_3/.venv/lib/python3.13/site-packages/allure_commons/_allure.py\", line 202, in impl\n    return func(*a, **kw)\n  File \"/Users/medea/Documents/DIPLOM/Diplom_3/pages/order_feed_page.py\", line 14, in open\n    self.wait_for_page_load()\n    ~~~~~~~~~~~~~~~~~~~~~~~^^\n  File \"/Users/medea/Documents/DIPLOM/Diplom_3/.venv/lib/python3.13/site-packages/allure_commons/_allure.py\", line 202, in impl\n    return func(*a, **kw)\n  File \"/Users/medea/Documents/DIPLOM/Diplom_3/pages/order_feed_page.py\", line 36, in wait_for_page_load\n    self.wait_for_element(OrderFeedLocators.PAGE_TITLE, timeout=LONG_TIMEOUT)\n    ~~~~~~~~~~~~~~~~~~~~~^^^^^^^^^^^^^^^^^^^^^^^^^^^^^^^^^^^^^^^^^^^^^^^^^^^^\n  File \"/Users/medea/Documents/DIPLOM/Diplom_3/.venv/lib/python3.13/site-packages/allure_commons/_allure.py\", line 202, in impl\n    return func(*a, **kw)\n  File \"/Users/medea/Documents/DIPLOM/Diplom_3/pages/base_page.py\", line 14, in wait_for_element\n    return WebDriverWait(self.driver, timeout).until(\n           ~~~~~~~~~~~~~~~~~~~~~~~~~~~~~~~~~~~~~~~~~^\n        EC.visibility_of_element_located(locator)\n        ^^^^^^^^^^^^^^^^^^^^^^^^^^^^^^^^^^^^^^^^^\n    )\n    ^\n  File \"/Users/medea/Documents/DIPLOM/Diplom_3/.venv/lib/python3.13/site-packages/selenium/webdriver/support/wait.py\", line 138, in until\n    raise TimeoutException(message, screen, stacktrace)\n"}, "steps": [{"name": "Дождаться загрузки страницы ленты заказов", "status": "broken", "statusDetails": {"message": "selenium.common.exceptions.TimeoutException: Message: \nStacktrace:\nWebDriverError@chrome://remote/content/shared/webdriver/Errors.jsm:183:5\nNoSuchElementError@chrome://remote/content/shared/webdriver/Errors.jsm:395:5\nelement.find/</<@chrome://remote/content/marionette/element.js:300:16\n\n", "trace": "  File \"/Users/medea/Documents/DIPLOM/Diplom_3/.venv/lib/python3.13/site-packages/allure_commons/_allure.py\", line 202, in impl\n    return func(*a, **kw)\n  File \"/Users/medea/Documents/DIPLOM/Diplom_3/pages/order_feed_page.py\", line 36, in wait_for_page_load\n    self.wait_for_element(OrderFeedLocators.PAGE_TITLE, timeout=LONG_TIMEOUT)\n    ~~~~~~~~~~~~~~~~~~~~~^^^^^^^^^^^^^^^^^^^^^^^^^^^^^^^^^^^^^^^^^^^^^^^^^^^^\n  File \"/Users/medea/Documents/DIPLOM/Diplom_3/.venv/lib/python3.13/site-packages/allure_commons/_allure.py\", line 202, in impl\n    return func(*a, **kw)\n  File \"/Users/medea/Documents/DIPLOM/Diplom_3/pages/base_page.py\", line 14, in wait_for_element\n    return WebDriverWait(self.driver, timeout).until(\n           ~~~~~~~~~~~~~~~~~~~~~~~~~~~~~~~~~~~~~~~~~^\n        EC.visibility_of_element_located(locator)\n        ^^^^^^^^^^^^^^^^^^^^^^^^^^^^^^^^^^^^^^^^^\n    )\n    ^\n  File \"/Users/medea/Documents/DIPLOM/Diplom_3/.venv/lib/python3.13/site-packages/selenium/webdriver/support/wait.py\", line 138, in until\n    raise TimeoutException(message, screen, stacktrace)\n"}, "steps": [{"name": "Дождаться оверлея", "status": "passed", "parameters": [{"name": "overlay_locator", "value": "('xpath', \".//div[contains(@class, 'Modal_modal_overlay__x2ZCr')]/parent::div\")"}, {"name": "timeout", "value": "45"}], "start": 1765389130978, "stop": 1765389131499}, {"name": "Ожидать элемент", "status": "broken", "statusDetails": {"message": "selenium.common.exceptions.TimeoutException: Message: \nStacktrace:\nWebDriverError@chrome://remote/content/shared/webdriver/Errors.jsm:183:5\nNoSuchElementError@chrome://remote/content/shared/webdriver/Errors.jsm:395:5\nelement.find/</<@chrome://remote/content/marionette/element.js:300:16\n\n", "trace": "  File \"/Users/medea/Documents/DIPLOM/Diplom_3/.venv/lib/python3.13/site-packages/allure_commons/_allure.py\", line 202, in impl\n    return func(*a, **kw)\n  File \"/Users/medea/Documents/DIPLOM/Diplom_3/pages/base_page.py\", line 14, in wait_for_element\n    return WebDriverWait(self.driver, timeout).until(\n           ~~~~~~~~~~~~~~~~~~~~~~~~~~~~~~~~~~~~~~~~~^\n        EC.visibility_of_element_located(locator)\n        ^^^^^^^^^^^^^^^^^^^^^^^^^^^^^^^^^^^^^^^^^\n    )\n    ^\n  File \"/Users/medea/Documents/DIPLOM/Diplom_3/.venv/lib/python3.13/site-packages/selenium/webdriver/support/wait.py\", line 138, in until\n    raise TimeoutException(message, screen, stacktrace)\n"}, "parameters": [{"name": "locator", "value": "('xpath', \"//h1[contains(text(), 'Лента заказов')]\")"}, {"name": "timeout", "value": "45"}], "start": 1765389131499, "stop": 1765389176584}], "start": 1765389130978, "stop": 1765389176592}], "start": 1765389130808, "stop": 1765389176594}], "parameters": [{"name": "driver", "value": "'firefox'"}], "start": 1765389130808, "stop": 1765389176595, "uuid": "f236f843-7c68-4852-a9ba-d184b26658e7", "historyId": "90b43f81845ddd02d8e8e03215af5812", "testCaseId": "59823569adca7ab3f9372d5fd42615c5", "fullName": "tests.test_order_feed.TestOrderFeed#test_today_counter_increases", "labels": [{"name": "feature", "value": "Лента заказов"}, {"name": "parentSuite", "value": "tests"}, {"name": "suite", "value": "test_order_feed"}, {"name": "subSuite", "value": "TestOrderFeed"}, {"name": "host", "value": "FireBall.local"}, {"name": "thread", "value": "95792-MainThread"}, {"name": "framework", "value": "pytest"}, {"name": "language", "value": "cpython3"}, {"name": "package", "value": "tests.test_order_feed"}], "titlePath": ["tests", "test_order_feed.py", "TestOrderFeed"]}